  server.cpp
c:\users\徐超勇\source\repos\server\server\server.cpp(223): warning C4996: 'inet_ntoa': Use inet_ntop() or InetNtop() instead or define _WINSOCK_DEPRECATED_NO_WARNINGS to disable deprecated API warnings
  c:\program files (x86)\windows kits\10\include\10.0.17134.0\um\winsock2.h(1848): note: 参见“inet_ntoa”的声明
c:\users\徐超勇\source\repos\server\server\server.cpp(224): warning C4996: 'inet_ntoa': Use inet_ntop() or InetNtop() instead or define _WINSOCK_DEPRECATED_NO_WARNINGS to disable deprecated API warnings
  c:\program files (x86)\windows kits\10\include\10.0.17134.0\um\winsock2.h(1848): note: 参见“inet_ntoa”的声明
c:\users\徐超勇\source\repos\server\server\server.cpp(307): warning C4996: 'inet_ntoa': Use inet_ntop() or InetNtop() instead or define _WINSOCK_DEPRECATED_NO_WARNINGS to disable deprecated API warnings
  c:\program files (x86)\windows kits\10\include\10.0.17134.0\um\winsock2.h(1848): note: 参见“inet_ntoa”的声明
c:\users\徐超勇\source\repos\server\server\server.cpp(308): warning C4996: 'inet_ntoa': Use inet_ntop() or InetNtop() instead or define _WINSOCK_DEPRECATED_NO_WARNINGS to disable deprecated API warnings
  c:\program files (x86)\windows kits\10\include\10.0.17134.0\um\winsock2.h(1848): note: 参见“inet_ntoa”的声明
c:\users\徐超勇\source\repos\server\server\server.cpp(391): warning C4996: 'inet_ntoa': Use inet_ntop() or InetNtop() instead or define _WINSOCK_DEPRECATED_NO_WARNINGS to disable deprecated API warnings
  c:\program files (x86)\windows kits\10\include\10.0.17134.0\um\winsock2.h(1848): note: 参见“inet_ntoa”的声明
c:\users\徐超勇\source\repos\server\server\server.cpp(446): warning C4996: 'inet_addr': Use inet_pton() or InetPton() instead or define _WINSOCK_DEPRECATED_NO_WARNINGS to disable deprecated API warnings
  c:\program files (x86)\windows kits\10\include\10.0.17134.0\um\winsock2.h(1830): note: 参见“inet_addr”的声明
c:\users\徐超勇\source\repos\server\server\server.cpp(541): warning C4996: 'inet_ntoa': Use inet_ntop() or InetNtop() instead or define _WINSOCK_DEPRECATED_NO_WARNINGS to disable deprecated API warnings
  c:\program files (x86)\windows kits\10\include\10.0.17134.0\um\winsock2.h(1848): note: 参见“inet_ntoa”的声明
c:\users\徐超勇\source\repos\server\server\server.cpp(542): warning C4996: 'inet_ntoa': Use inet_ntop() or InetNtop() instead or define _WINSOCK_DEPRECATED_NO_WARNINGS to disable deprecated API warnings
  c:\program files (x86)\windows kits\10\include\10.0.17134.0\um\winsock2.h(1848): note: 参见“inet_ntoa”的声明
c:\users\徐超勇\source\repos\server\server\server.cpp(603): warning C4996: 'inet_addr': Use inet_pton() or InetPton() instead or define _WINSOCK_DEPRECATED_NO_WARNINGS to disable deprecated API warnings
  c:\program files (x86)\windows kits\10\include\10.0.17134.0\um\winsock2.h(1830): note: 参见“inet_addr”的声明
  server.vcxproj -> C:\Users\徐超勇\source\repos\client\Debug\server.exe
